<?xml version="1.0" encoding="UTF-8"?>
<testsuite xmlns:xsi="http://www.w3.org/2001/XMLSchema-instance" xsi:noNamespaceSchemaLocation="https://maven.apache.org/surefire/maven-surefire-plugin/xsd/surefire-test-report-3.0.xsd" version="3.0" name="CollectorTests.SystemMetricsCollectorTest" time="16.74" tests="9" errors="0" skipped="0" failures="0">
  <properties>
[...]
</properties>
  <testcase name="testGetSystemType" classname="CollectorTests.SystemMetricsCollectorTest" time="0.058"/>
  <testcase name="testGetOsVersion" classname="CollectorTests.SystemMetricsCollectorTest" time="0.0"/>
  <testcase name="testGetSystemManufacturer" classname="CollectorTests.SystemMetricsCollectorTest" time="0.053"/>
  <testcase name="testGetMacAddress" classname="CollectorTests.SystemMetricsCollectorTest" time="0.0"/>
  <testcase name="testGetSystemModel" classname="CollectorTests.SystemMetricsCollectorTest" time="1.544"/>
  <testcase name="testGetHostName" classname="CollectorTests.SystemMetricsCollectorTest" time="0.001"/>
  <testcase name="testGetOsName" classname="CollectorTests.SystemMetricsCollectorTest" time="0.0"/>
  <testcase name="testCollectSystemMetrics" classname="CollectorTests.SystemMetricsCollectorTest" time="0.0"/>
  <testcase name="testGetTotalPhysicalMemory" classname="CollectorTests.SystemMetricsCollectorTest" time="0.0"/>
</testsuite>